<?xml version="1.0" encoding="UTF-8"?>
<!-- Generated by org.testng.reporters.JUnitReportReporter -->
<testsuite hostname="KUMARJSA-PC" failures="0" tests="1" name="com.runnerNG.TestRunner_new" time="0.053" errors="0" timestamp="2023-10-10T18:46:33 IST" skipped="0">
  <testcase classname="com.runnerNG.TestRunner_new" name="ValidTest" time="0.053"/>
</testsuite> <!-- com.runnerNG.TestRunner_new -->
