<?xml version="1.0" encoding="UTF-8"?>
<!-- Generated by org.testng.reporters.JUnitReportReporter -->
<testsuite hostname="KUMARJSA-PC" failures="0" tests="1" name="com.runnerNG.NGRunner" time="0.027" errors="0" timestamp="2023-10-11T09:42:14 IST" skipped="0">
  <testcase classname="com.runnerNG.NGRunner" name="ValidTest" time="0.027"/>
</testsuite> <!-- com.runnerNG.NGRunner -->
