<?xml version="1.0" encoding="UTF-8"?>
<!-- Generated by org.testng.reporters.JUnitReportReporter -->
<testsuite hostname="KUMARJSA-PC" failures="0" tests="1" name="com.runnerNG.tr" time="9.856" errors="0" timestamp="2023-10-05T14:28:27 IST" skipped="0">
  <testcase classname="com.runnerNG.tr" name="test" time="9.856"/>
  <system-out/>
</testsuite> <!-- com.runnerNG.tr -->
